0 info it worked if it ends with ok
1 verbose cli [ 'C:\\Program Files\\nodejs\\node.exe',
1 verbose cli   'C:\\Users\\jamie\\AppData\\Roaming\\npm\\node_modules\\npm\\bin\\npm-cli.js',
1 verbose cli   'start' ]
2 info using npm@3.10.9
3 info using node@v6.4.0
4 verbose run-script [ 'prestart', 'start', 'poststart' ]
5 info lifecycle trendatron@1.0.0~prestart: trendatron@1.0.0
6 silly lifecycle trendatron@1.0.0~prestart: no script for prestart, continuing
7 info lifecycle trendatron@1.0.0~start: trendatron@1.0.0
8 verbose lifecycle trendatron@1.0.0~start: unsafe-perm in lifecycle true
9 verbose lifecycle trendatron@1.0.0~start: PATH: C:\Users\jamie\AppData\Roaming\npm\node_modules\npm\bin\node-gyp-bin;C:\Users\jamie\OneDrive\Documents\GitHub\trendatron\node_modules\.bin;C:\Users\jamie\AppData\Local\GitHub\PortableGit_d7effa1a4a322478cd29c826b52a0c118ad3db11\cmd;C:\Users\jamie\AppData\Local\GitHub\PortableGit_d7effa1a4a322478cd29c826b52a0c118ad3db11\usr\bin;C:\Users\jamie\AppData\Local\GitHub\PortableGit_d7effa1a4a322478cd29c826b52a0c118ad3db11\usr\share\git-tfs;C:\Users\jamie\AppData\Local\Apps\2.0\BYRHJHLN.DYZ\NDBZ3L38.WPK\gith..tion_317444273a93ac29_0003.0003_665ccbdbd3c2d8d4;C:\Users\jamie\AppData\Local\GitHub\lfs-amd64_1.3.1;C:\ProgramData\Oracle\Java\javapath;C:\Program Files (x86)\Lenovo\FusionEngine;C:\Windows\system32;C:\Windows;C:\Windows\System32\Wbem;C:\Windows\System32\WindowsPowerShell\v1.0\;C:\Program Files (x86)\NVIDIA Corporation\PhysX\Common;C:\ProgramData\chocolatey\bin;C:\WINDOWS\system32;C:\WINDOWS;C:\WINDOWS\System32\Wbem;C:\WINDOWS\System32\WindowsPowerShell\v1.0\;C:\Program Files (x86)\Skype\Phone\;C:\cygwin\bin;C:\Program Files (x86)\MySQL\MySQL Utilities\;C:\Program Files (x86)\MySQL\MySQL Utilities\Doctrine extensions for PHP\;C:\Users\jamie\AppData\Local\atom\bin\;C:\Program Files (x86)\Heroku\bin;C:\Program Files (x86)\git\cmd;C:\Program Files (x86)\Git\cmd;C:\Users\jamie\.dnx\bin;C:\Program Files\Microsoft DNX\Dnvm\;C:\Program Files\Microsoft SQL Server\130\Tools\Binn\;C:\Program Files (x86)\Windows Kits\10\Windows Performance Toolkit\;C:\Program Files\nodejs\;C:\Python27;C:\Program Files (x86)\Windows Live\Shared;C:\WINDOWS\system32;C:\WINDOWS;C:\WINDOWS\System32\Wbem;C:\WINDOWS\System32\WindowsPowerShell\v1.0\;C:\Users\jamie\AppData\Local\Android\sdk\platform-tools;C:\ProgramData\Oracle\Java\javapath;C:\Program Files (x86)\Lenovo\FusionEngine;C:\Windows\system32;C:\Windows;C:\Windows\System32\Wbem;C:\Windows\System32\WindowsPowerShell\v1.0\;C:\Program Files (x86)\NVIDIA Corporation\PhysX\Common;C:\ProgramData\chocolatey\bin;C:\WINDOWS\system32;C:\WINDOWS;C:\WINDOWS\System32\Wbem;C:\WINDOWS\System32\WindowsPowerShell\v1.0\;C:\Program Files (x86)\Skype\Phone\;C:\cygwin\bin;C:\Program Files (x86)\MySQL\MySQL Utilities\;C:\Program Files (x86)\MySQL\MySQL Utilities\Doctrine extensions for PHP\;C:\Users\jamie\AppData\Local\atom\bin\;C:\Program Files (x86)\Heroku\bin;C:\Program Files (x86)\git\cmd;C:\Program Files (x86)\Git\cmd;C:\Users\jamie\.dnx\bin;C:\Program Files\Microsoft DNX\Dnvm\;C:\Program Files\Microsoft SQL Server\130\Tools\Binn\;C:\Program Files (x86)\Windows Kits\10\Windows Performance Toolkit\;C:\Program Files\nodejs\;C:\Python27;C:\Program Files (x86)\Windows Live\Shared;C:\WINDOWS\system32;C:\WINDOWS;C:\WINDOWS\System32\Wbem;C:\WINDOWS\System32\WindowsP;C:\Users\jamie\AppData\Local\Android\sdk\platform-tools;C:\Users\jamie\AppData\Roaming\npm;C:\Program Files (x86)\MSBuild\14.0\bin\;C:\Program Files (x86)\Microsoft SDKs\Windows\v8.1A\bin\NETFX 4.5.1 Tools\x64
10 verbose lifecycle trendatron@1.0.0~start: CWD: C:\Users\jamie\OneDrive\Documents\GitHub\trendatron
11 silly lifecycle trendatron@1.0.0~start: Args: [ '/d /s /c',
11 silly lifecycle   'concurrently "git pull" "npm install"  "git add -A" "git commit -m "eric"" "git push" "forever start app.js"' ]
12 silly lifecycle trendatron@1.0.0~start: Returned: code: 1  signal: null
13 info lifecycle trendatron@1.0.0~start: Failed to exec start script
14 verbose stack Error: trendatron@1.0.0 start: `concurrently "git pull" "npm install"  "git add -A" "git commit -m "eric"" "git push" "forever start app.js"`
14 verbose stack Exit status 1
14 verbose stack     at EventEmitter.<anonymous> (C:\Users\jamie\AppData\Roaming\npm\node_modules\npm\lib\utils\lifecycle.js:255:16)
14 verbose stack     at emitTwo (events.js:106:13)
14 verbose stack     at EventEmitter.emit (events.js:191:7)
14 verbose stack     at ChildProcess.<anonymous> (C:\Users\jamie\AppData\Roaming\npm\node_modules\npm\lib\utils\spawn.js:40:14)
14 verbose stack     at emitTwo (events.js:106:13)
14 verbose stack     at ChildProcess.emit (events.js:191:7)
14 verbose stack     at maybeClose (internal/child_process.js:852:16)
14 verbose stack     at Process.ChildProcess._handle.onexit (internal/child_process.js:215:5)
15 verbose pkgid trendatron@1.0.0
16 verbose cwd C:\Users\jamie\OneDrive\Documents\GitHub\trendatron
17 error Windows_NT 10.0.14393
18 error argv "C:\\Program Files\\nodejs\\node.exe" "C:\\Users\\jamie\\AppData\\Roaming\\npm\\node_modules\\npm\\bin\\npm-cli.js" "start"
19 error node v6.4.0
20 error npm  v3.10.9
21 error code ELIFECYCLE
22 error trendatron@1.0.0 start: `concurrently "git pull" "npm install"  "git add -A" "git commit -m "eric"" "git push" "forever start app.js"`
22 error Exit status 1
23 error Failed at the trendatron@1.0.0 start script 'concurrently "git pull" "npm install"  "git add -A" "git commit -m "eric"" "git push" "forever start app.js"'.
23 error Make sure you have the latest version of node.js and npm installed.
23 error If you do, this is most likely a problem with the trendatron package,
23 error not with npm itself.
23 error Tell the author that this fails on your system:
23 error     concurrently "git pull" "npm install"  "git add -A" "git commit -m "eric"" "git push" "forever start app.js"
23 error You can get information on how to open an issue for this project with:
23 error     npm bugs trendatron
23 error Or if that isn't available, you can get their info via:
23 error     npm owner ls trendatron
23 error There is likely additional logging output above.
24 verbose exit [ 1, true ]
